<?xml version="1.0" encoding="utf-8"?><testsuites name="pytest tests"><testsuite name="pytest" errors="0" failures="0" skipped="0" tests="8" time="1.683" timestamp="2026-05-02T13:27:31.189772+00:00" hostname="agent-env-f0edf55f-726b-4a34-b887-86a92217b06d"><testcase classname="backend.tests.test_zen_marinero" name="test_root_ok" time="0.245" /><testcase classname="backend.tests.test_zen_marinero" name="test_create_reservation_and_list" time="0.193" /><testcase classname="backend.tests.test_zen_marinero" name="test_reservation_invalid_email" time="0.151" /><testcase classname="backend.tests.test_zen_marinero" name="test_create_contact" time="0.165" /><testcase classname="backend.tests.test_zen_marinero" name="test_create_job_with_cv_and_download" time="0.265" /><testcase classname="backend.tests.test_zen_marinero" name="test_create_job_without_cv" time="0.142" /><testcase classname="backend.tests.test_zen_marinero" name="test_admin_requires_token" time="0.258" /><testcase classname="backend.tests.test_zen_marinero" name="test_admin_verify" time="0.189" /></testsuite></testsuites>